<?xml version="1.0" encoding="UTF-8"?>
<testsuite xmlns:xsi="http://www.w3.org/2001/XMLSchema-instance" xsi:noNamespaceSchemaLocation="https://maven.apache.org/surefire/maven-surefire-plugin/xsd/surefire-test-report.xsd" name="com.examly.springapp.SpringappApplicationTests" time="11.56" tests="33" errors="0" skipped="0" failures="33">
  <properties>
[...]
</properties>
  <testcase name="Week3_Day5_SpringSecurity" classname="com.examly.springapp.SpringappApplicationTests" time="0.565">
    <failure message="Class com.examly.springapp.configurations.ApplSecurityConfig does not exist." type="org.opentest4j.AssertionFailedError">org.opentest4j.AssertionFailedError: Class com.examly.springapp.configurations.ApplSecurityConfig does not exist.
	at com.examly.springapp.SpringappApplicationTests.checkClassExists(SpringappApplicationTests.java:65)
	at com.examly.springapp.SpringappApplicationTests.Week3_Day5_SpringSecurity(SpringappApplicationTests.java:691)
</failure>
    <system-out><![CDATA[11:53:26.453 [main] DEBUG org.springframework.test.context.BootstrapUtils - Instantiating CacheAwareContextLoaderDelegate from class [org.springframework.test.context.cache.DefaultCacheAwareContextLoaderDelegate]
11:53:26.466 [main] DEBUG org.springframework.test.context.BootstrapUtils - Instantiating BootstrapContext using constructor [public org.springframework.test.context.support.DefaultBootstrapContext(java.lang.Class,org.springframework.test.context.CacheAwareContextLoaderDelegate)]
11:53:26.537 [main] DEBUG org.springframework.test.context.BootstrapUtils - Instantiating TestContextBootstrapper for test class [com.examly.springapp.SpringappApplicationTests] from class [org.springframework.boot.test.context.SpringBootTestContextBootstrapper]
11:53:26.555 [main] INFO org.springframework.boot.test.context.SpringBootTestContextBootstrapper - Neither @ContextConfiguration nor @ContextHierarchy found for test class [com.examly.springapp.SpringappApplicationTests], using SpringBootContextLoader
11:53:26.560 [main] DEBUG org.springframework.test.context.support.AbstractContextLoader - Did not detect default resource location for test class [com.examly.springapp.SpringappApplicationTests]: class path resource [com/examly/springapp/SpringappApplicationTests-context.xml] does not exist
11:53:26.560 [main] DEBUG org.springframework.test.context.support.AbstractContextLoader - Did not detect default resource location for test class [com.examly.springapp.SpringappApplicationTests]: class path resource [com/examly/springapp/SpringappApplicationTestsContext.groovy] does not exist
11:53:26.560 [main] INFO org.springframework.test.context.support.AbstractContextLoader - Could not detect default resource locations for test class [com.examly.springapp.SpringappApplicationTests]: no resource found for suffixes {-context.xml, Context.groovy}.
11:53:26.562 [main] INFO org.springframework.test.context.support.AnnotationConfigContextLoaderUtils - Could not detect default configuration classes for test class [com.examly.springapp.SpringappApplicationTests]: SpringappApplicationTests does not declare any static, non-private, non-final, nested classes annotated with @Configuration.
11:53:26.648 [main] DEBUG org.springframework.test.context.support.ActiveProfilesUtils - Could not find an 'annotation declaring class' for annotation type [org.springframework.test.context.ActiveProfiles] and class [com.examly.springapp.SpringappApplicationTests]
11:53:26.787 [main] DEBUG org.springframework.context.annotation.ClassPathScanningCandidateComponentProvider - Identified candidate component class: file [C:\Users\Farook\Desktop\cricketer\springapp\target\classes\com\examly\springapp\SpringappApplication.class]
11:53:26.789 [main] INFO org.springframework.boot.test.context.SpringBootTestContextBootstrapper - Found @SpringBootConfiguration com.examly.springapp.SpringappApplication for test class com.examly.springapp.SpringappApplicationTests
11:53:27.016 [main] DEBUG org.springframework.boot.test.context.SpringBootTestContextBootstrapper - @TestExecutionListeners is not present for class [com.examly.springapp.SpringappApplicationTests]: using defaults.
11:53:27.016 [main] INFO org.springframework.boot.test.context.SpringBootTestContextBootstrapper - Loaded default TestExecutionListener class names from location [META-INF/spring.factories]: [org.springframework.boot.test.mock.mockito.MockitoTestExecutionListener, org.springframework.boot.test.mock.mockito.ResetMocksTestExecutionListener, org.springframework.boot.test.autoconfigure.restdocs.RestDocsTestExecutionListener, org.springframework.boot.test.autoconfigure.web.client.MockRestServiceServerResetTestExecutionListener, org.springframework.boot.test.autoconfigure.web.servlet.MockMvcPrintOnlyOnFailureTestExecutionListener, org.springframework.boot.test.autoconfigure.web.servlet.WebDriverTestExecutionListener, org.springframework.boot.test.autoconfigure.webservices.client.MockWebServiceServerTestExecutionListener, org.springframework.test.context.web.ServletTestExecutionListener, org.springframework.test.context.support.DirtiesContextBeforeModesTestExecutionListener, org.springframework.test.context.event.ApplicationEventsTestExecutionListener, org.springframework.test.context.support.DependencyInjectionTestExecutionListener, org.springframework.test.context.support.DirtiesContextTestExecutionListener, org.springframework.test.context.transaction.TransactionalTestExecutionListener, org.springframework.test.context.jdbc.SqlScriptsTestExecutionListener, org.springframework.test.context.event.EventPublishingTestExecutionListener]
11:53:27.082 [main] INFO org.springframework.boot.test.context.SpringBootTestContextBootstrapper - Using TestExecutionListeners: [org.springframework.test.context.web.ServletTestExecutionListener@6bffbc6d, org.springframework.test.context.support.DirtiesContextBeforeModesTestExecutionListener@1b84f475, org.springframework.test.context.event.ApplicationEventsTestExecutionListener@7749bf93, org.springframework.boot.test.mock.mockito.MockitoTestExecutionListener@13330ac6, org.springframework.boot.test.autoconfigure.SpringBootDependencyInjectionTestExecutionListener@539d019, org.springframework.test.context.support.DirtiesContextTestExecutionListener@39a2bb97, org.springframework.test.context.transaction.TransactionalTestExecutionListener@3ad2e17, org.springframework.test.context.jdbc.SqlScriptsTestExecutionListener@8c3619e, org.springframework.test.context.event.EventPublishingTestExecutionListener@4331d187, org.springframework.boot.test.mock.mockito.ResetMocksTestExecutionListener@6f63b475, org.springframework.boot.test.autoconfigure.restdocs.RestDocsTestExecutionListener@554e218, org.springframework.boot.test.autoconfigure.web.client.MockRestServiceServerResetTestExecutionListener@1608bcbd, org.springframework.boot.test.autoconfigure.web.servlet.MockMvcPrintOnlyOnFailureTestExecutionListener@5bf8fa12, org.springframework.boot.test.autoconfigure.web.servlet.WebDriverTestExecutionListener@29ca3d04, org.springframework.boot.test.autoconfigure.webservices.client.MockWebServiceServerTestExecutionListener@b2c5e07]
11:53:27.098 [main] DEBUG org.springframework.test.context.support.AbstractDirtiesContextTestExecutionListener - Before test class: context [DefaultTestContext@1c481ff2 testClass = SpringappApplicationTests, testInstance = [null], testMethod = [null], testException = [null], mergedContextConfiguration = [WebMergedContextConfiguration@72437d8d testClass = SpringappApplicationTests, locations = '{}', classes = '{class com.examly.springapp.SpringappApplication}', contextInitializerClasses = '[]', activeProfiles = '{}', propertySourceLocations = '{}', propertySourceProperties = '{org.springframework.boot.test.context.SpringBootTestContextBootstrapper=true}', contextCustomizers = set[[ImportsContextCustomizer@1b955cac key = [org.springframework.boot.test.autoconfigure.web.servlet.MockMvcAutoConfiguration, org.springframework.boot.test.autoconfigure.web.servlet.MockMvcWebClientAutoConfiguration, org.springframework.boot.test.autoconfigure.web.servlet.MockMvcWebDriverAutoConfiguration, org.springframework.boot.autoconfigure.security.oauth2.client.servlet.OAuth2ClientAutoConfiguration, org.springframework.boot.autoconfigure.security.oauth2.resource.servlet.OAuth2ResourceServerAutoConfiguration, org.springframework.boot.autoconfigure.security.servlet.SecurityAutoConfiguration, org.springframework.boot.autoconfigure.security.servlet.SecurityFilterAutoConfiguration, org.springframework.boot.autoconfigure.security.servlet.UserDetailsServiceAutoConfiguration, org.springframework.boot.test.autoconfigure.web.servlet.MockMvcSecurityConfiguration, org.springframework.boot.test.autoconfigure.web.reactive.WebTestClientAutoConfiguration]], org.springframework.boot.test.context.filter.ExcludeFilterContextCustomizer@6c1a5b54, org.springframework.boot.test.json.DuplicateJsonObjectContextCustomizerFactory$DuplicateJsonObjectContextCustomizer@368247b9, org.springframework.boot.test.mock.mockito.MockitoContextCustomizer@0, org.springframework.boot.test.web.client.TestRestTemplateContextCustomizer@2a265ea9, org.springframework.boot.test.autoconfigure.actuate.metrics.MetricsExportContextCustomizerFactory$DisableMetricExportContextCustomizer@6e9175d8, org.springframework.boot.test.autoconfigure.properties.PropertyMappingContextCustomizer@4b3fa0b3, org.springframework.boot.test.autoconfigure.web.servlet.WebDriverContextCustomizerFactory$Customizer@235ecd9f, org.springframework.boot.test.context.SpringBootTestArgs@1, org.springframework.boot.test.context.SpringBootTestWebEnvironment@ed9d034], resourceBasePath = 'src/main/webapp', contextLoader = 'org.springframework.boot.test.context.SpringBootContextLoader', parent = [null]], attributes = map['org.springframework.test.context.web.ServletTestExecutionListener.activateListener' -> true]], class annotated with @DirtiesContext [false] with mode [null].

  .   ____          _            __ _ _
 /\\ / ___'_ __ _ _(_)_ __  __ _ \ \ \ \
( ( )\___ | '_ | '_| | '_ \/ _` | \ \ \ \
 \\/  ___)| |_)| | | | | || (_| |  ) ) ) )
  '  |____| .__|_| |_|_| |_\__, | / / / /
 =========|_|==============|___/=/_/_/_/
 :: Spring Boot ::               (v2.7.14)

2023-10-07 11:53:27.896  INFO 24628 --- [           main] c.e.springapp.SpringappApplicationTests  : Starting SpringappApplicationTests using Java 19.0.2 on DESKTOP-QGRMR4S with PID 24628 (started by Farook in C:\Users\Farook\Desktop\cricketer\springapp)
2023-10-07 11:53:27.898  INFO 24628 --- [           main] c.e.springapp.SpringappApplicationTests  : No active profile set, falling back to 1 default profile: "default"
2023-10-07 11:53:29.157  INFO 24628 --- [           main] .s.d.r.c.RepositoryConfigurationDelegate : Bootstrapping Spring Data JPA repositories in DEFAULT mode.
2023-10-07 11:53:29.213  INFO 24628 --- [           main] .s.d.r.c.RepositoryConfigurationDelegate : Finished Spring Data repository scanning in 18 ms. Found 0 JPA repository interfaces.
2023-10-07 11:53:30.996  INFO 24628 --- [           main] o.hibernate.jpa.internal.util.LogHelper  : HHH000204: Processing PersistenceUnitInfo [name: default]
2023-10-07 11:53:31.270  INFO 24628 --- [           main] org.hibernate.Version                    : HHH000412: Hibernate ORM core version 5.6.15.Final
2023-10-07 11:53:31.723  INFO 24628 --- [           main] o.hibernate.annotations.common.Version   : HCANN000001: Hibernate Commons Annotations {5.1.2.Final}
2023-10-07 11:53:31.962  INFO 24628 --- [           main] com.zaxxer.hikari.HikariDataSource       : HikariPool-1 - Starting...
2023-10-07 11:53:32.701  INFO 24628 --- [           main] com.zaxxer.hikari.HikariDataSource       : HikariPool-1 - Start completed.
2023-10-07 11:53:32.736  INFO 24628 --- [           main] org.hibernate.dialect.Dialect            : HHH000400: Using dialect: org.hibernate.dialect.MySQL8Dialect
2023-10-07 11:53:33.686  INFO 24628 --- [           main] o.h.e.t.j.p.i.JtaPlatformInitiator       : HHH000490: Using JtaPlatform implementation: [org.hibernate.engine.transaction.jta.platform.internal.NoJtaPlatform]
2023-10-07 11:53:33.721  INFO 24628 --- [           main] j.LocalContainerEntityManagerFactoryBean : Initialized JPA EntityManagerFactory for persistence unit 'default'
2023-10-07 11:53:34.074  WARN 24628 --- [           main] JpaBaseConfiguration$JpaWebConfiguration : spring.jpa.open-in-view is enabled by default. Therefore, database queries may be performed during view rendering. Explicitly configure spring.jpa.open-in-view to disable this warning
2023-10-07 11:53:35.399  WARN 24628 --- [           main] .s.s.UserDetailsServiceAutoConfiguration : 

Using generated security password: 176e29e2-161b-4cab-ba7a-39d222b26f13

This generated password is for development use only. Your security configuration must be updated before running your application in production.

2023-10-07 11:53:35.968  INFO 24628 --- [           main] o.s.s.web.DefaultSecurityFilterChain     : Will secure any request with [org.springframework.security.web.session.DisableEncodeUrlFilter@6a07e6ca, org.springframework.security.web.context.request.async.WebAsyncManagerIntegrationFilter@726ef6aa, org.springframework.security.web.context.SecurityContextPersistenceFilter@1a8b22b5, org.springframework.security.web.header.HeaderWriterFilter@71f8ce0e, org.springframework.security.web.csrf.CsrfFilter@7ca0166c, org.springframework.security.web.authentication.logout.LogoutFilter@5b715ea, org.springframework.security.web.authentication.UsernamePasswordAuthenticationFilter@51cd2d2, org.springframework.security.web.authentication.ui.DefaultLoginPageGeneratingFilter@5d8e4fa8, org.springframework.security.web.authentication.ui.DefaultLogoutPageGeneratingFilter@6104691c, org.springframework.security.web.authentication.www.BasicAuthenticationFilter@20171cdc, org.springframework.security.web.savedrequest.RequestCacheAwareFilter@2b464384, org.springframework.security.web.servletapi.SecurityContextHolderAwareRequestFilter@681b42d3, org.springframework.security.web.authentication.AnonymousAuthenticationFilter@195cbf5e, org.springframework.security.web.session.SessionManagementFilter@287317df, org.springframework.security.web.access.ExceptionTranslationFilter@52efb338, org.springframework.security.web.access.intercept.FilterSecurityInterceptor@3a9c92b5]
2023-10-07 11:53:36.284  INFO 24628 --- [           main] o.s.b.t.m.w.SpringBootMockServletContext : Initializing Spring TestDispatcherServlet ''
2023-10-07 11:53:36.284  INFO 24628 --- [           main] o.s.t.web.servlet.TestDispatcherServlet  : Initializing Servlet ''
2023-10-07 11:53:36.287  INFO 24628 --- [           main] o.s.t.web.servlet.TestDispatcherServlet  : Completed initialization in 3 ms
2023-10-07 11:53:36.362  INFO 24628 --- [           main] c.e.springapp.SpringappApplicationTests  : Started SpringappApplicationTests in 9.179 seconds (JVM running for 11.163)
]]></system-out>
  </testcase>
  <testcase name="Week1_Day5_JDBCUtils" classname="com.examly.springapp.SpringappApplicationTests" time="0.004">
    <failure message="Class com.examly.springapp.JDBCUtils does not exist." type="org.opentest4j.AssertionFailedError">org.opentest4j.AssertionFailedError: Class com.examly.springapp.JDBCUtils does not exist.
	at com.examly.springapp.SpringappApplicationTests.checkClassExists(SpringappApplicationTests.java:65)
	at com.examly.springapp.SpringappApplicationTests.Week1_Day5_JDBCUtils(SpringappApplicationTests.java:287)
</failure>
  </testcase>
  <testcase name="Week2_Day3_controllersfolder" classname="com.examly.springapp.SpringappApplicationTests" time="0.007">
    <failure message="expected: &lt;true&gt; but was: &lt;false&gt;" type="org.opentest4j.AssertionFailedError"><![CDATA[org.opentest4j.AssertionFailedError: expected: <true> but was: <false>
	at com.examly.springapp.SpringappApplicationTests.Week2_Day3_controllersfolder(SpringappApplicationTests.java:475)
]]></failure>
  </testcase>
  <testcase name="Week3_Day2_playeradd" classname="com.examly.springapp.SpringappApplicationTests" time="0.065">
    <failure message="Status expected:&lt;200&gt; but was:&lt;403&gt;" type="java.lang.AssertionError"><![CDATA[java.lang.AssertionError: Status expected:<200> but was:<403>
	at com.examly.springapp.SpringappApplicationTests.Week3_Day2_playeradd(SpringappApplicationTests.java:591)
]]></failure>
    <system-out><![CDATA[
MockHttpServletRequest:
      HTTP Method = POST
      Request URI = /api/admin/players
       Parameters = {}
          Headers = [Content-Type:"application/json;charset=UTF-8", Accept:"application/json", Content-Length:"128"]
             Body = {"id": 1000,"name": "Demo", "age": 24,"category": "Seniorteam","biddingPrice":15000,"sold":false,"email": "Viratdemo@gmail.com"}
    Session Attrs = {org.springframework.security.web.csrf.HttpSessionCsrfTokenRepository.CSRF_TOKEN=org.springframework.security.web.csrf.DefaultCsrfToken@c49e434}

Handler:
             Type = null

Async:
    Async started = false
     Async result = null

Resolved Exception:
             Type = null

ModelAndView:
        View name = null
             View = null
            Model = null

FlashMap:
       Attributes = null

MockHttpServletResponse:
           Status = 403
    Error message = Forbidden
          Headers = [X-Content-Type-Options:"nosniff", X-XSS-Protection:"1; mode=block", Cache-Control:"no-cache, no-store, max-age=0, must-revalidate", Pragma:"no-cache", Expires:"0", X-Frame-Options:"DENY"]
     Content type = null
             Body = 
    Forwarded URL = null
   Redirected URL = null
          Cookies = []
]]></system-out>
  </testcase>
  <testcase name="Week2_Day2_testWelcome" classname="com.examly.springapp.SpringappApplicationTests" time="0.041">
    <failure message="Status expected:&lt;200&gt; but was:&lt;401&gt;" type="java.lang.AssertionError"><![CDATA[java.lang.AssertionError: Status expected:<200> but was:<401>
	at com.examly.springapp.SpringappApplicationTests.Week2_Day2_testWelcome(SpringappApplicationTests.java:409)
]]></failure>
    <system-out><![CDATA[
MockHttpServletRequest:
      HTTP Method = GET
      Request URI = /api/admin/Welcome
       Parameters = {}
          Headers = []
             Body = null
    Session Attrs = {SPRING_SECURITY_SAVED_REQUEST=DefaultSavedRequest [http://localhost/api/admin/Welcome]}

Handler:
             Type = null

Async:
    Async started = false
     Async result = null

Resolved Exception:
             Type = null

ModelAndView:
        View name = null
             View = null
            Model = null

FlashMap:
       Attributes = null

MockHttpServletResponse:
           Status = 401
    Error message = Unauthorized
          Headers = [WWW-Authenticate:"Basic realm="Realm"", X-Content-Type-Options:"nosniff", X-XSS-Protection:"1; mode=block", Cache-Control:"no-cache, no-store, max-age=0, must-revalidate", Pragma:"no-cache", Expires:"0", X-Frame-Options:"DENY"]
     Content type = null
             Body = 
    Forwarded URL = null
   Redirected URL = null
          Cookies = []
]]></system-out>
  </testcase>
  <testcase name="Week3_Day3_getallPlayerList" classname="com.examly.springapp.SpringappApplicationTests" time="0.066">
    <failure message="Status expected:&lt;200&gt; but was:&lt;401&gt;" type="java.lang.AssertionError"><![CDATA[java.lang.AssertionError: Status expected:<200> but was:<401>
	at com.examly.springapp.SpringappApplicationTests.Week3_Day3_getallPlayerList(SpringappApplicationTests.java:637)
]]></failure>
    <system-out><![CDATA[
MockHttpServletRequest:
      HTTP Method = GET
      Request URI = /api/organizer/player-list
       Parameters = {teamId=[1000]}
          Headers = [Accept:"application/json"]
             Body = null
    Session Attrs = {}

Handler:
             Type = null

Async:
    Async started = false
     Async result = null

Resolved Exception:
             Type = null

ModelAndView:
        View name = null
             View = null
            Model = null

FlashMap:
       Attributes = null

MockHttpServletResponse:
           Status = 401
    Error message = Unauthorized
          Headers = [WWW-Authenticate:"Basic realm="Realm"", X-Content-Type-Options:"nosniff", X-XSS-Protection:"1; mode=block", Cache-Control:"no-cache, no-store, max-age=0, must-revalidate", Pragma:"no-cache", Expires:"0", X-Frame-Options:"DENY"]
     Content type = null
             Body = 
    Forwarded URL = null
   Redirected URL = null
          Cookies = []

MockHttpServletRequest:
      HTTP Method = GET
      Request URI = /api/organizer/player-list
       Parameters = {teamId=[1000]}
          Headers = [Accept:"application/json"]
             Body = null
    Session Attrs = {}

Handler:
             Type = null

Async:
    Async started = false
     Async result = null

Resolved Exception:
             Type = null

ModelAndView:
        View name = null
             View = null
            Model = null

FlashMap:
       Attributes = null

MockHttpServletResponse:
           Status = 401
    Error message = Unauthorized
          Headers = [WWW-Authenticate:"Basic realm="Realm"", X-Content-Type-Options:"nosniff", X-XSS-Protection:"1; mode=block", Cache-Control:"no-cache, no-store, max-age=0, must-revalidate", Pragma:"no-cache", Expires:"0", X-Frame-Options:"DENY"]
     Content type = null
             Body = 
    Forwarded URL = null
   Redirected URL = null
          Cookies = []
]]></system-out>
  </testcase>
  <testcase name="Week1_Day1_testCricketerName" classname="com.examly.springapp.SpringappApplicationTests" time="0">
    <failure message="Field name in class com.examly.springapp.Cricketer does not exist." type="org.opentest4j.AssertionFailedError">org.opentest4j.AssertionFailedError: Field name in class com.examly.springapp.Cricketer does not exist.
	at com.examly.springapp.SpringappApplicationTests.checkFieldExists(SpringappApplicationTests.java:83)
	at com.examly.springapp.SpringappApplicationTests.Week1_Day1_testCricketerName(SpringappApplicationTests.java:109)
</failure>
  </testcase>
  <testcase name="Week3_Day2_getallPlayerWithTeam" classname="com.examly.springapp.SpringappApplicationTests" time="0.104">
    <failure message="Status expected:&lt;200&gt; but was:&lt;401&gt;" type="java.lang.AssertionError"><![CDATA[java.lang.AssertionError: Status expected:<200> but was:<401>
	at com.examly.springapp.SpringappApplicationTests.Week3_Day2_getallPlayerWithTeam(SpringappApplicationTests.java:611)
]]></failure>
    <system-out><![CDATA[
MockHttpServletRequest:
      HTTP Method = GET
      Request URI = /api/admin/players
       Parameters = {}
          Headers = [Accept:"application/json"]
             Body = null
    Session Attrs = {}

Handler:
             Type = null

Async:
    Async started = false
     Async result = null

Resolved Exception:
             Type = null

ModelAndView:
        View name = null
             View = null
            Model = null

FlashMap:
       Attributes = null

MockHttpServletResponse:
           Status = 401
    Error message = Unauthorized
          Headers = [WWW-Authenticate:"Basic realm="Realm"", X-Content-Type-Options:"nosniff", X-XSS-Protection:"1; mode=block", Cache-Control:"no-cache, no-store, max-age=0, must-revalidate", Pragma:"no-cache", Expires:"0", X-Frame-Options:"DENY"]
     Content type = null
             Body = 
    Forwarded URL = null
   Redirected URL = null
          Cookies = []

MockHttpServletRequest:
      HTTP Method = GET
      Request URI = /api/admin/players
       Parameters = {}
          Headers = [Accept:"application/json"]
             Body = null
    Session Attrs = {}

Handler:
             Type = null

Async:
    Async started = false
     Async result = null

Resolved Exception:
             Type = null

ModelAndView:
        View name = null
             View = null
            Model = null

FlashMap:
       Attributes = null

MockHttpServletResponse:
           Status = 401
    Error message = Unauthorized
          Headers = [WWW-Authenticate:"Basic realm="Realm"", X-Content-Type-Options:"nosniff", X-XSS-Protection:"1; mode=block", Cache-Control:"no-cache, no-store, max-age=0, must-revalidate", Pragma:"no-cache", Expires:"0", X-Frame-Options:"DENY"]
     Content type = null
             Body = 
    Forwarded URL = null
   Redirected URL = null
          Cookies = []
]]></system-out>
  </testcase>
  <testcase name="Week3_Day5_configfolder" classname="com.examly.springapp.SpringappApplicationTests" time="0">
    <failure message="expected: &lt;true&gt; but was: &lt;false&gt;" type="org.opentest4j.AssertionFailedError"><![CDATA[org.opentest4j.AssertionFailedError: expected: <true> but was: <false>
	at com.examly.springapp.SpringappApplicationTests.Week3_Day5_configfolder(SpringappApplicationTests.java:681)
]]></failure>
  </testcase>
  <testcase name="Week1_Day1_testCricketerAge" classname="com.examly.springapp.SpringappApplicationTests" time="0">
    <failure message="Field age in class com.examly.springapp.Cricketer does not exist." type="org.opentest4j.AssertionFailedError">org.opentest4j.AssertionFailedError: Field age in class com.examly.springapp.Cricketer does not exist.
	at com.examly.springapp.SpringappApplicationTests.checkFieldExists(SpringappApplicationTests.java:83)
	at com.examly.springapp.SpringappApplicationTests.Week1_Day1_testCricketerAge(SpringappApplicationTests.java:123)
</failure>
  </testcase>
  <testcase name="Week1_Day6_CricketerDAO" classname="com.examly.springapp.SpringappApplicationTests" time="0">
    <failure message="Class com.examly.springapp.CricketDAO does not exist." type="org.opentest4j.AssertionFailedError">org.opentest4j.AssertionFailedError: Class com.examly.springapp.CricketDAO does not exist.
	at com.examly.springapp.SpringappApplicationTests.checkClassExists(SpringappApplicationTests.java:65)
	at com.examly.springapp.SpringappApplicationTests.Week1_Day6_CricketerDAO(SpringappApplicationTests.java:347)
</failure>
  </testcase>
  <testcase name="Week2_Day4_TeamClass" classname="com.examly.springapp.SpringappApplicationTests" time="0">
    <failure message="Class com.examly.springapp.entities.Team does not exist." type="org.opentest4j.AssertionFailedError">org.opentest4j.AssertionFailedError: Class com.examly.springapp.entities.Team does not exist.
	at com.examly.springapp.SpringappApplicationTests.checkClassExists(SpringappApplicationTests.java:65)
	at com.examly.springapp.SpringappApplicationTests.Week2_Day4_TeamClass(SpringappApplicationTests.java:499)
</failure>
  </testcase>
  <testcase name="Week2_Day3_entitiesfolder" classname="com.examly.springapp.SpringappApplicationTests" time="0">
    <failure message="expected: &lt;true&gt; but was: &lt;false&gt;" type="org.opentest4j.AssertionFailedError"><![CDATA[org.opentest4j.AssertionFailedError: expected: <true> but was: <false>
	at com.examly.springapp.SpringappApplicationTests.Week2_Day3_entitiesfolder(SpringappApplicationTests.java:427)
]]></failure>
  </testcase>
  <testcase name="Week2_Day4_ClassRepo" classname="com.examly.springapp.SpringappApplicationTests" time="0">
    <failure message="Class com.examly.springapp.repositories.TeamRepository does not exist." type="org.opentest4j.AssertionFailedError">org.opentest4j.AssertionFailedError: Class com.examly.springapp.repositories.TeamRepository does not exist.
	at com.examly.springapp.SpringappApplicationTests.checkClassExists(SpringappApplicationTests.java:65)
	at com.examly.springapp.SpringappApplicationTests.Week2_Day4_ClassRepo(SpringappApplicationTests.java:537)
</failure>
  </testcase>
  <testcase name="Week2_Day3_getAllTeamsList" classname="com.examly.springapp.SpringappApplicationTests" time="0.296">
    <failure message="Status expected:&lt;200&gt; but was:&lt;401&gt;" type="java.lang.AssertionError"><![CDATA[java.lang.AssertionError: Status expected:<200> but was:<401>
	at com.examly.springapp.SpringappApplicationTests.Week2_Day3_getAllTeamsList(SpringappApplicationTests.java:485)
]]></failure>
    <system-out><![CDATA[
MockHttpServletRequest:
      HTTP Method = GET
      Request URI = /team/getAllList
       Parameters = {}
          Headers = [Accept:"application/json"]
             Body = null
    Session Attrs = {}

Handler:
             Type = null

Async:
    Async started = false
     Async result = null

Resolved Exception:
             Type = null

ModelAndView:
        View name = null
             View = null
            Model = null

FlashMap:
       Attributes = null

MockHttpServletResponse:
           Status = 401
    Error message = Unauthorized
          Headers = [WWW-Authenticate:"Basic realm="Realm"", X-Content-Type-Options:"nosniff", X-XSS-Protection:"1; mode=block", Cache-Control:"no-cache, no-store, max-age=0, must-revalidate", Pragma:"no-cache", Expires:"0", X-Frame-Options:"DENY"]
     Content type = null
             Body = 
    Forwarded URL = null
   Redirected URL = null
          Cookies = []

MockHttpServletRequest:
      HTTP Method = GET
      Request URI = /team/getAllList
       Parameters = {}
          Headers = [Accept:"application/json"]
             Body = null
    Session Attrs = {}

Handler:
             Type = null

Async:
    Async started = false
     Async result = null

Resolved Exception:
             Type = null

ModelAndView:
        View name = null
             View = null
            Model = null

FlashMap:
       Attributes = null

MockHttpServletResponse:
           Status = 401
    Error message = Unauthorized
          Headers = [WWW-Authenticate:"Basic realm="Realm"", X-Content-Type-Options:"nosniff", X-XSS-Protection:"1; mode=block", Cache-Control:"no-cache, no-store, max-age=0, must-revalidate", Pragma:"no-cache", Expires:"0", X-Frame-Options:"DENY"]
     Content type = null
             Body = 
    Forwarded URL = null
   Redirected URL = null
          Cookies = []
]]></system-out>
  </testcase>
  <testcase name="Week1_Day5_displayCricketersFromDB" classname="com.examly.springapp.SpringappApplicationTests" time="0">
    <failure message="Method &apos;displayCricketersFromDB&apos; should exist in SpringappApplication class ==&gt; expected: &lt;true&gt; but was: &lt;false&gt;" type="org.opentest4j.AssertionFailedError"><![CDATA[org.opentest4j.AssertionFailedError: Method 'displayCricketersFromDB' should exist in SpringappApplication class ==> expected: <true> but was: <false>
	at com.examly.springapp.SpringappApplicationTests.Week1_Day5_displayCricketersFromDB(SpringappApplicationTests.java:325)
]]></failure>
  </testcase>
  <testcase name="Week1_Day2_Clientinterface" classname="com.examly.springapp.SpringappApplicationTests" time="0">
    <failure message="expected: &lt;true&gt; but was: &lt;false&gt;" type="org.opentest4j.AssertionFailedError"><![CDATA[org.opentest4j.AssertionFailedError: expected: <true> but was: <false>
	at com.examly.springapp.SpringappApplicationTests.Week1_Day2_Clientinterface(SpringappApplicationTests.java:155)
]]></failure>
  </testcase>
  <testcase name="Week1_Day1_testCricketerCountry" classname="com.examly.springapp.SpringappApplicationTests" time="0">
    <failure message="Field country in class com.examly.springapp.Cricketer does not exist." type="org.opentest4j.AssertionFailedError">org.opentest4j.AssertionFailedError: Field country in class com.examly.springapp.Cricketer does not exist.
	at com.examly.springapp.SpringappApplicationTests.checkFieldExists(SpringappApplicationTests.java:83)
	at com.examly.springapp.SpringappApplicationTests.Week1_Day1_testCricketerCountry(SpringappApplicationTests.java:135)
</failure>
  </testcase>
  <testcase name="Week3_Day4_getallUnsoldPlayer" classname="com.examly.springapp.SpringappApplicationTests" time="0.128">
    <failure message="Status expected:&lt;200&gt; but was:&lt;401&gt;" type="java.lang.AssertionError"><![CDATA[java.lang.AssertionError: Status expected:<200> but was:<401>
	at com.examly.springapp.SpringappApplicationTests.Week3_Day4_getallUnsoldPlayer(SpringappApplicationTests.java:651)
]]></failure>
    <system-out><![CDATA[
MockHttpServletRequest:
      HTTP Method = GET
      Request URI = /api/organizer/unsold-players
       Parameters = {}
          Headers = [Accept:"application/json"]
             Body = null
    Session Attrs = {}

Handler:
             Type = null

Async:
    Async started = false
     Async result = null

Resolved Exception:
             Type = null

ModelAndView:
        View name = null
             View = null
            Model = null

FlashMap:
       Attributes = null

MockHttpServletResponse:
           Status = 401
    Error message = Unauthorized
          Headers = [WWW-Authenticate:"Basic realm="Realm"", X-Content-Type-Options:"nosniff", X-XSS-Protection:"1; mode=block", Cache-Control:"no-cache, no-store, max-age=0, must-revalidate", Pragma:"no-cache", Expires:"0", X-Frame-Options:"DENY"]
     Content type = null
             Body = 
    Forwarded URL = null
   Redirected URL = null
          Cookies = []

MockHttpServletRequest:
      HTTP Method = GET
      Request URI = /api/organizer/unsold-players
       Parameters = {}
          Headers = [Accept:"application/json"]
             Body = null
    Session Attrs = {}

Handler:
             Type = null

Async:
    Async started = false
     Async result = null

Resolved Exception:
             Type = null

ModelAndView:
        View name = null
             View = null
            Model = null

FlashMap:
       Attributes = null

MockHttpServletResponse:
           Status = 401
    Error message = Unauthorized
          Headers = [WWW-Authenticate:"Basic realm="Realm"", X-Content-Type-Options:"nosniff", X-XSS-Protection:"1; mode=block", Cache-Control:"no-cache, no-store, max-age=0, must-revalidate", Pragma:"no-cache", Expires:"0", X-Frame-Options:"DENY"]
     Content type = null
             Body = 
    Forwarded URL = null
   Redirected URL = null
          Cookies = []
]]></system-out>
  </testcase>
  <testcase name="Week1_Day2_serviceinterface" classname="com.examly.springapp.SpringappApplicationTests" time="0">
    <failure message="expected: &lt;true&gt; but was: &lt;false&gt;" type="org.opentest4j.AssertionFailedError"><![CDATA[org.opentest4j.AssertionFailedError: expected: <true> but was: <false>
	at com.examly.springapp.SpringappApplicationTests.Week1_Day2_serviceinterface(SpringappApplicationTests.java:179)
]]></failure>
  </testcase>
  <testcase name="Week2_Day5_Teamadd" classname="com.examly.springapp.SpringappApplicationTests" time="0.028">
    <failure message="Status expected:&lt;200&gt; but was:&lt;403&gt;" type="java.lang.AssertionError"><![CDATA[java.lang.AssertionError: Status expected:<200> but was:<403>
	at com.examly.springapp.SpringappApplicationTests.Week2_Day5_Teamadd(SpringappApplicationTests.java:557)
]]></failure>
    <system-out><![CDATA[
MockHttpServletRequest:
      HTTP Method = POST
      Request URI = /api/admin/teams
       Parameters = {}
          Headers = [Content-Type:"application/json;charset=UTF-8", Accept:"application/json", Content-Length:"49"]
             Body = {"id": 1000,"name": "Demo","maximumBudget":15000}
    Session Attrs = {org.springframework.security.web.csrf.HttpSessionCsrfTokenRepository.CSRF_TOKEN=org.springframework.security.web.csrf.DefaultCsrfToken@4b9dc62f}

Handler:
             Type = null

Async:
    Async started = false
     Async result = null

Resolved Exception:
             Type = null

ModelAndView:
        View name = null
             View = null
            Model = null

FlashMap:
       Attributes = null

MockHttpServletResponse:
           Status = 403
    Error message = Forbidden
          Headers = [X-Content-Type-Options:"nosniff", X-XSS-Protection:"1; mode=block", Cache-Control:"no-cache, no-store, max-age=0, must-revalidate", Pragma:"no-cache", Expires:"0", X-Frame-Options:"DENY"]
     Content type = null
             Body = 
    Forwarded URL = null
   Redirected URL = null
          Cookies = []
]]></system-out>
  </testcase>
  <testcase name="Week3_Day6_SpringRegisterUser" classname="com.examly.springapp.SpringappApplicationTests" time="0.026">
    <failure message="Status expected:&lt;201&gt; but was:&lt;403&gt;" type="java.lang.AssertionError"><![CDATA[java.lang.AssertionError: Status expected:<201> but was:<403>
	at com.examly.springapp.SpringappApplicationTests.Week3_Day6_SpringRegisterUser(SpringappApplicationTests.java:727)
]]></failure>
    <system-out><![CDATA[
MockHttpServletRequest:
      HTTP Method = POST
      Request URI = /api/register
       Parameters = {}
          Headers = [Content-Type:"application/json;charset=UTF-8", Accept:"application/json", Content-Length:"71"]
             Body = {"id": 1000,"username": "admin","password": "admin123","role": "ADMIN"}
    Session Attrs = {org.springframework.security.web.csrf.HttpSessionCsrfTokenRepository.CSRF_TOKEN=org.springframework.security.web.csrf.DefaultCsrfToken@6cb3463b}

Handler:
             Type = null

Async:
    Async started = false
     Async result = null

Resolved Exception:
             Type = null

ModelAndView:
        View name = null
             View = null
            Model = null

FlashMap:
       Attributes = null

MockHttpServletResponse:
           Status = 403
    Error message = Forbidden
          Headers = [X-Content-Type-Options:"nosniff", X-XSS-Protection:"1; mode=block", Cache-Control:"no-cache, no-store, max-age=0, must-revalidate", Pragma:"no-cache", Expires:"0", X-Frame-Options:"DENY"]
     Content type = null
             Body = 
    Forwarded URL = null
   Redirected URL = null
          Cookies = []
]]></system-out>
  </testcase>
  <testcase name="Week3_Day4_getallSoldPlayer" classname="com.examly.springapp.SpringappApplicationTests" time="0.066">
    <failure message="Status expected:&lt;200&gt; but was:&lt;401&gt;" type="java.lang.AssertionError"><![CDATA[java.lang.AssertionError: Status expected:<200> but was:<401>
	at com.examly.springapp.SpringappApplicationTests.Week3_Day4_getallSoldPlayer(SpringappApplicationTests.java:663)
]]></failure>
    <system-out><![CDATA[
MockHttpServletRequest:
      HTTP Method = GET
      Request URI = /api/organizer/sold-players
       Parameters = {}
          Headers = [Accept:"application/json"]
             Body = null
    Session Attrs = {}

Handler:
             Type = null

Async:
    Async started = false
     Async result = null

Resolved Exception:
             Type = null

ModelAndView:
        View name = null
             View = null
            Model = null

FlashMap:
       Attributes = null

MockHttpServletResponse:
           Status = 401
    Error message = Unauthorized
          Headers = [WWW-Authenticate:"Basic realm="Realm"", X-Content-Type-Options:"nosniff", X-XSS-Protection:"1; mode=block", Cache-Control:"no-cache, no-store, max-age=0, must-revalidate", Pragma:"no-cache", Expires:"0", X-Frame-Options:"DENY"]
     Content type = null
             Body = 
    Forwarded URL = null
   Redirected URL = null
          Cookies = []

MockHttpServletRequest:
      HTTP Method = GET
      Request URI = /api/organizer/sold-players
       Parameters = {}
          Headers = [Accept:"application/json"]
             Body = null
    Session Attrs = {}

Handler:
             Type = null

Async:
    Async started = false
     Async result = null

Resolved Exception:
             Type = null

ModelAndView:
        View name = null
             View = null
            Model = null

FlashMap:
       Attributes = null

MockHttpServletResponse:
           Status = 401
    Error message = Unauthorized
          Headers = [WWW-Authenticate:"Basic realm="Realm"", X-Content-Type-Options:"nosniff", X-XSS-Protection:"1; mode=block", Cache-Control:"no-cache, no-store, max-age=0, must-revalidate", Pragma:"no-cache", Expires:"0", X-Frame-Options:"DENY"]
     Content type = null
             Body = 
    Forwarded URL = null
   Redirected URL = null
          Cookies = []
]]></system-out>
  </testcase>
  <testcase name="Week2_Day6_getallTeam" classname="com.examly.springapp.SpringappApplicationTests" time="0.035">
    <failure message="Status expected:&lt;200&gt; but was:&lt;401&gt;" type="java.lang.AssertionError"><![CDATA[java.lang.AssertionError: Status expected:<200> but was:<401>
	at com.examly.springapp.SpringappApplicationTests.Week2_Day6_getallTeam(SpringappApplicationTests.java:575)
]]></failure>
    <system-out><![CDATA[
MockHttpServletRequest:
      HTTP Method = GET
      Request URI = /api/admin/teams
       Parameters = {}
          Headers = [Accept:"application/json"]
             Body = null
    Session Attrs = {}

Handler:
             Type = null

Async:
    Async started = false
     Async result = null

Resolved Exception:
             Type = null

ModelAndView:
        View name = null
             View = null
            Model = null

FlashMap:
       Attributes = null

MockHttpServletResponse:
           Status = 401
    Error message = Unauthorized
          Headers = [WWW-Authenticate:"Basic realm="Realm"", X-Content-Type-Options:"nosniff", X-XSS-Protection:"1; mode=block", Cache-Control:"no-cache, no-store, max-age=0, must-revalidate", Pragma:"no-cache", Expires:"0", X-Frame-Options:"DENY"]
     Content type = null
             Body = 
    Forwarded URL = null
   Redirected URL = null
          Cookies = []

MockHttpServletRequest:
      HTTP Method = GET
      Request URI = /api/admin/teams
       Parameters = {}
          Headers = [Accept:"application/json"]
             Body = null
    Session Attrs = {}

Handler:
             Type = null

Async:
    Async started = false
     Async result = null

Resolved Exception:
             Type = null

ModelAndView:
        View name = null
             View = null
            Model = null

FlashMap:
       Attributes = null

MockHttpServletResponse:
           Status = 401
    Error message = Unauthorized
          Headers = [WWW-Authenticate:"Basic realm="Realm"", X-Content-Type-Options:"nosniff", X-XSS-Protection:"1; mode=block", Cache-Control:"no-cache, no-store, max-age=0, must-revalidate", Pragma:"no-cache", Expires:"0", X-Frame-Options:"DENY"]
     Content type = null
             Body = 
    Forwarded URL = null
   Redirected URL = null
          Cookies = []
]]></system-out>
  </testcase>
  <testcase name="Week3_Day3_testPlayerExistence" classname="com.examly.springapp.SpringappApplicationTests" time="0">
    <failure message="Class com.examly.springapp.entities.Player does not exist." type="org.opentest4j.AssertionFailedError">org.opentest4j.AssertionFailedError: Class com.examly.springapp.entities.Player does not exist.
	at com.examly.springapp.SpringappApplicationTests.checkClassExists(SpringappApplicationTests.java:65)
	at com.examly.springapp.SpringappApplicationTests.Week3_Day3_testPlayerExistence(SpringappApplicationTests.java:515)
</failure>
  </testcase>
  <testcase name="Week2_Day3_repositoriesfolder" classname="com.examly.springapp.SpringappApplicationTests" time="0">
    <failure message="expected: &lt;true&gt; but was: &lt;false&gt;" type="org.opentest4j.AssertionFailedError"><![CDATA[org.opentest4j.AssertionFailedError: expected: <true> but was: <false>
	at com.examly.springapp.SpringappApplicationTests.Week2_Day3_repositoriesfolder(SpringappApplicationTests.java:443)
]]></failure>
  </testcase>
  <testcase name="Week1_Day4_testSortCricketersFunctionality" classname="com.examly.springapp.SpringappApplicationTests" time="0">
    <failure message="Method &apos;sortCricketers&apos; should exist in SpringappApplication class ==&gt; expected: &lt;true&gt; but was: &lt;false&gt;" type="org.opentest4j.AssertionFailedError"><![CDATA[org.opentest4j.AssertionFailedError: Method 'sortCricketers' should exist in SpringappApplication class ==> expected: <true> but was: <false>
	at com.examly.springapp.SpringappApplicationTests.Week1_Day4_testSortCricketersFunctionality(SpringappApplicationTests.java:265)
]]></failure>
  </testcase>
  <testcase name="Week3_Day3_testFieldExistence" classname="com.examly.springapp.SpringappApplicationTests" time="0">
    <failure message="Field team in class com.examly.springapp.entities.Player does not exist." type="org.opentest4j.AssertionFailedError">org.opentest4j.AssertionFailedError: Field team in class com.examly.springapp.entities.Player does not exist.
	at com.examly.springapp.SpringappApplicationTests.checkFieldExists(SpringappApplicationTests.java:83)
	at com.examly.springapp.SpringappApplicationTests.Week3_Day3_testFieldExistence(SpringappApplicationTests.java:621)
</failure>
  </testcase>
  <testcase name="Week2_Day3_servicesfolder" classname="com.examly.springapp.SpringappApplicationTests" time="0">
    <failure message="expected: &lt;true&gt; but was: &lt;false&gt;" type="org.opentest4j.AssertionFailedError"><![CDATA[org.opentest4j.AssertionFailedError: expected: <true> but was: <false>
	at com.examly.springapp.SpringappApplicationTests.Week2_Day3_servicesfolder(SpringappApplicationTests.java:459)
]]></failure>
  </testcase>
  <testcase name="Week3_Day6_Springsecurity" classname="com.examly.springapp.SpringappApplicationTests" time="0.02">
    <failure message="Status expected:&lt;200&gt; but was:&lt;403&gt;" type="java.lang.AssertionError"><![CDATA[java.lang.AssertionError: Status expected:<200> but was:<403>
	at com.examly.springapp.SpringappApplicationTests.Week3_Day6_Springsecurity(SpringappApplicationTests.java:707)
]]></failure>
    <system-out><![CDATA[
MockHttpServletRequest:
      HTTP Method = POST
      Request URI = /api/auth/login
       Parameters = {}
          Headers = [Content-Type:"application/json;charset=UTF-8", Accept:"application/json", Content-Length:"44"]
             Body = {"username": "admin","password": "admin123"}
    Session Attrs = {org.springframework.security.web.csrf.HttpSessionCsrfTokenRepository.CSRF_TOKEN=org.springframework.security.web.csrf.DefaultCsrfToken@2f9236d8}

Handler:
             Type = null

Async:
    Async started = false
     Async result = null

Resolved Exception:
             Type = null

ModelAndView:
        View name = null
             View = null
            Model = null

FlashMap:
       Attributes = null

MockHttpServletResponse:
           Status = 403
    Error message = Forbidden
          Headers = [X-Content-Type-Options:"nosniff", X-XSS-Protection:"1; mode=block", Cache-Control:"no-cache, no-store, max-age=0, must-revalidate", Pragma:"no-cache", Expires:"0", X-Frame-Options:"DENY"]
     Content type = null
             Body = 
    Forwarded URL = null
   Redirected URL = null
          Cookies = []
]]></system-out>
  </testcase>
  <testcase name="Week2_Day1_testRetrievedataFromBothTables" classname="com.examly.springapp.SpringappApplicationTests" time="0">
    <failure message="Method &apos;retrieveDataFromBothTables&apos; should exist in SpringappApplication class ==&gt; expected: &lt;true&gt; but was: &lt;false&gt;" type="org.opentest4j.AssertionFailedError"><![CDATA[org.opentest4j.AssertionFailedError: Method 'retrieveDataFromBothTables' should exist in SpringappApplication class ==> expected: <true> but was: <false>
	at com.examly.springapp.SpringappApplicationTests.Week2_Day1_testRetrievedataFromBothTables(SpringappApplicationTests.java:385)
]]></failure>
  </testcase>
  <testcase name="Week1_Day3_testAddCricketersFunctionality" classname="com.examly.springapp.SpringappApplicationTests" time="0">
    <failure message="Method &apos;addCricketers&apos; should exist in SpringappApplication class ==&gt; expected: &lt;true&gt; but was: &lt;false&gt;" type="org.opentest4j.AssertionFailedError"><![CDATA[org.opentest4j.AssertionFailedError: Method 'addCricketers' should exist in SpringappApplication class ==> expected: <true> but was: <false>
	at com.examly.springapp.SpringappApplicationTests.Week1_Day3_testAddCricketersFunctionality(SpringappApplicationTests.java:219)
]]></failure>
  </testcase>
  <testcase name="Week1_Day1_testFieldExistence" classname="com.examly.springapp.SpringappApplicationTests" time="0.001">
    <failure message="Class com.examly.springapp.Cricketer does not exist." type="org.opentest4j.AssertionFailedError">org.opentest4j.AssertionFailedError: Class com.examly.springapp.Cricketer does not exist.
	at com.examly.springapp.SpringappApplicationTests.checkClassExists(SpringappApplicationTests.java:65)
	at com.examly.springapp.SpringappApplicationTests.Week1_Day1_testFieldExistence(SpringappApplicationTests.java:99)
</failure>
  </testcase>
</testsuite>